1542779230582	mozrunner::runner	INFO	Running command: "/usr/bin/firefox" "-marionette" "-foreground" "-no-remote" "-profile" "/tmp/rust_mozprofile.LgVFxQSXcrDm"
1542779239411	Marionette	INFO	Listening on port 34643
1542779239487	Marionette	WARN	TLS certificate errors will be ignored for this session
ATTENTION: default value of option force_s3tc_enable overridden by environment.
console.error: BroadcastService: 
  receivedBroadcastMessage: handler for
  remote-settings/monitor_changes
  threw error:
  Message: Error: Polling for changes failed: NetworkError when attempting to fetch resource..
  Stack:
    remoteSettingsFunction/remoteSettings.pollChanges@resource://services-settings/remote-settings.js:721:13

JavaScript error: https://s1.twnmm.com/js/en_ca/r1379/web/modules/favorite_locations.js, line 11: TypeError: carousels is undefined
1542780602204	mozrunner::runner	INFO	Running command: "/usr/bin/firefox" "-marionette" "-foreground" "-no-remote" "-profile" "/tmp/rust_mozprofile.kVKfy2xrqrSE"
1542780606838	Marionette	INFO	Listening on port 38041
1542780606934	Marionette	WARN	TLS certificate errors will be ignored for this session
console.error: (new Error("Error(s) encountered during statement execution: database or disk is full", "resource://gre/modules/Sqlite.jsm", 822))
JavaScript error: resource://gre/modules/Sqlite.jsm, line 822: Error: Error(s) encountered during statement execution: database or disk is full
ATTENTION: default value of option force_s3tc_enable overridden by environment.
JavaScript error: https://static.criteo.net/js/ld/publishertag.prebid.js, line 2: NS_ERROR_FILE_NO_DEVICE_SPACE: 
console.error: BroadcastService: 
  receivedBroadcastMessage: handler for
  remote-settings/monitor_changes
  threw error:
  Message: Error: Polling for changes failed: NetworkError when attempting to fetch resource..
  Stack:
    remoteSettingsFunction/remoteSettings.pollChanges@resource://services-settings/remote-settings.js:721:13

console.error: "Could not write session state file " (new Error("", "(unknown module)")) ""
console.error: "Could not write session state file " (new Error("", "(unknown module)")) ""
console.error: "Could not write session state file " (new Error("", "(unknown module)")) ""
console.error: "Could not write session state file " (new Error("", "(unknown module)")) ""
console.error: "Could not write session state file " (new Error("", "(unknown module)")) ""
console.error: "Could not write session state file " (new Error("", "(unknown module)")) ""
console.error: "Could not write session state file " (new Error("", "(unknown module)")) ""
console.error: "Could not write session state file " (new Error("", "(unknown module)")) ""
console.error: "Could not write session state file " (new Error("", "(unknown module)")) ""
console.error: "Could not write session state file " (new Error("", "(unknown module)")) ""
JavaScript error: resource://gre/modules/Sqlite.jsm, line 822: Error: Error(s) encountered during statement execution: database or disk is full
console.error: "Could not write session state file " (new Error("", "(unknown module)")) ""
console.error: "Could not write session state file " (new Error("", "(unknown module)")) ""
console.error: "Could not write session state file " (new Error("", "(unknown module)")) ""
console.error: "Could not write session state file " (new Error("", "(unknown module)")) ""
console.error: "Could not write session state file " (new Error("", "(unknown module)")) ""
